<?xml version="1.0" encoding="UTF-8"?>
<testsuite xmlns:xsi="http://www.w3.org/2001/XMLSchema-instance" xsi:noNamespaceSchemaLocation="https://maven.apache.org/surefire/maven-surefire-plugin/xsd/surefire-test-report.xsd" name="tech.jazz.apianalisecredito.applicationservice.creditservice.CreditAnalysisServiceTest" time="0.225" tests="16" errors="0" skipped="0" failures="0">
  <properties>
[...]
</properties>
  <testcase name="should_create_unapproved_analysis" classname="tech.jazz.apianalisecredito.applicationservice.creditservice.CreditAnalysisServiceTest" time="0.179"/>
  <testcase name="should_return_credit_analysis" classname="tech.jazz.apianalisecredito.applicationservice.creditservice.CreditAnalysisServiceTest" time="0.003"/>
  <testcase name="should_throw_CliendNotFoundException_when_id_not_found" classname="tech.jazz.apianalisecredito.applicationservice.creditservice.CreditAnalysisServiceTest" time="0.006"/>
  <testcase name="should_return_client_by_CPF" classname="tech.jazz.apianalisecredito.applicationservice.creditservice.CreditAnalysisServiceTest" time="0.003"/>
  <testcase name="should_approve_analysis_with_15percent_of_monthlyIncome" classname="tech.jazz.apianalisecredito.applicationservice.creditservice.CreditAnalysisServiceTest" time="0.003"/>
  <testcase name="should_return_3_analysis_in_findAll" classname="tech.jazz.apianalisecredito.applicationservice.creditservice.CreditAnalysisServiceTest" time="0.002"/>
  <testcase name="should_approve_analysis" classname="tech.jazz.apianalisecredito.applicationservice.creditservice.CreditAnalysisServiceTest" time="0.003"/>
  <testcase name="should_throw_ClientNotFoundException_when_client_CPF_dont_exists_in_clientApi" classname="tech.jazz.apianalisecredito.applicationservice.creditservice.CreditAnalysisServiceTest" time="0.002"/>
  <testcase name="should_return_client_by_UUID" classname="tech.jazz.apianalisecredito.applicationservice.creditservice.CreditAnalysisServiceTest" time="0.002"/>
  <testcase name="should_throw_ClientParamOutOfFormatException_when_client_params_format_is_incorrect" classname="tech.jazz.apianalisecredito.applicationservice.creditservice.CreditAnalysisServiceTest" time="0.002"/>
  <testcase name="should_approve_analysis_with_rounding_monthlyIncome_to_50000" classname="tech.jazz.apianalisecredito.applicationservice.creditservice.CreditAnalysisServiceTest" time="0.002"/>
  <testcase name="should_approve_analysis_with_30percent_of_monthlyIncome" classname="tech.jazz.apianalisecredito.applicationservice.creditservice.CreditAnalysisServiceTest" time="0.002"/>
  <testcase name="should_create_analysis" classname="tech.jazz.apianalisecredito.applicationservice.creditservice.CreditAnalysisServiceTest" time="0.003"/>
  <testcase name="should_throw_UuidOutOfFormatException_when_UUID_is_invalid" classname="tech.jazz.apianalisecredito.applicationservice.creditservice.CreditAnalysisServiceTest" time="0.002"/>
  <testcase name="should_throw_CreditAnalysisNotFoundException_when_UUID_dont_exists_in_repository" classname="tech.jazz.apianalisecredito.applicationservice.creditservice.CreditAnalysisServiceTest" time="0.003"/>
  <testcase name="should_throw_ClientNotFoundException_when_client_UUID_dont_exists_in_clientApi" classname="tech.jazz.apianalisecredito.applicationservice.creditservice.CreditAnalysisServiceTest" time="0.002"/>
</testsuite>